# JRE version: Java(TM) SE Runtime Environment (8.0_171-b11) (build 1.8.0_171-b11)
# Java VM: Java HotSpot(TM) 64-Bit Server VM (25.171-b11 mixed mode windows-amd64 compressed oops)
Heap:
 PSYoungGen      total 554496K, used 321852K [0x000000076b380000, 0x0000000795080000, 0x00000007c0000000)
  eden space 423936K, 75% used [0x000000076b380000,0x000000077edcf2d8,0x0000000785180000)
  from space 130560K, 0% used [0x000000078d100000,0x000000078d100000,0x0000000795080000)
  to   space 130560K, 0% used [0x0000000785180000,0x0000000785180000,0x000000078d100000)
 ParOldGen       total 431616K, used 215420K [0x00000006c1a00000, 0x00000006dbf80000, 0x000000076b380000)
  object space 431616K, 49% used [0x00000006c1a00000,0x00000006cec5f070,0x00000006dbf80000)
 Metaspace       used 33004K, capacity 33834K, committed 34092K, reserved 1079296K
  class space    used 4124K, capacity 4308K, committed 4396K, reserved 1048576K
GC Heap History (10 events):
Event: 36.336 GC heap before
{Heap before GC invocations=8 (full 2):
 PSYoungGen      total 138240K, used 123645K [0x000000076b380000, 0x0000000785380000, 0x00000007c0000000)
  eden space 127488K, 96% used [0x000000076b380000,0x0000000772c3f480,0x0000000773000000)
  from space 10752K, 0% used [0x0000000773000000,0x0000000773000000,0x0000000773a80000)
  to   space 90112K, 0% used [0x000000077fb80000,0x000000077fb80000,0x0000000785380000)
 ParOldGen       total 337408K, used 117192K [0x00000006c1a00000, 0x00000006d6380000, 0x000000076b380000)
  object space 337408K, 34% used [0x00000006c1a00000,0x00000006c8c72098,0x00000006d6380000)
 Metaspace       used 22286K, capacity 22630K, committed 22912K, reserved 1069056K
  class space    used 2578K, capacity 2672K, committed 2688K, reserved 1048576K
Event: 36.371 GC heap after
Heap after GC invocations=8 (full 2):
 PSYoungGen      total 312320K, used 87766K [0x000000076b380000, 0x0000000788100000, 0x00000007c0000000)
  eden space 222208K, 0% used [0x000000076b380000,0x000000076b380000,0x0000000778c80000)
  from space 90112K, 97% used [0x000000077fb80000,0x0000000785135ad8,0x0000000785380000)
  to   space 113664K, 0% used [0x0000000778c80000,0x0000000778c80000,0x000000077fb80000)
 ParOldGen       total 337408K, used 133858K [0x00000006c1a00000, 0x00000006d6380000, 0x000000076b380000)
  object space 337408K, 39% used [0x00000006c1a00000,0x00000006c9cb88a8,0x00000006d6380000)
 Metaspace       used 22286K, capacity 22630K, committed 22912K, reserved 1069056K
  class space    used 2578K, capacity 2672K, committed 2688K, reserved 1048576K
}
Event: 190.113 GC heap before
{Heap before GC invocations=9 (full 2):
 PSYoungGen      total 312320K, used 221903K [0x000000076b380000, 0x0000000788100000, 0x00000007c0000000)
  eden space 222208K, 60% used [0x000000076b380000,0x000000077367e478,0x0000000778c80000)
  from space 90112K, 97% used [0x000000077fb80000,0x0000000785135ad8,0x0000000785380000)
  to   space 113664K, 0% used [0x0000000778c80000,0x0000000778c80000,0x000000077fb80000)
 ParOldGen       total 337408K, used 133858K [0x00000006c1a00000, 0x00000006d6380000, 0x000000076b380000)
  object space 337408K, 39% used [0x00000006c1a00000,0x00000006c9cb88a8,0x00000006d6380000)
 Metaspace       used 27989K, capacity 28474K, committed 28588K, reserved 1075200K
  class space    used 3336K, capacity 3472K, committed 3500K, reserved 1048576K
Event: 190.150 GC heap after
Heap after GC invocations=9 (full 2):
 PSYoungGen      total 335872K, used 95775K [0x000000076b380000, 0x0000000795280000, 0x00000007c0000000)
  eden space 222208K, 0% used [0x000000076b380000,0x000000076b380000,0x0000000778c80000)
  from space 113664K, 84% used [0x0000000778c80000,0x000000077ea07f18,0x000000077fb80000)
  to   space 132608K, 0% used [0x000000078d100000,0x000000078d100000,0x0000000795280000)
 ParOldGen       total 337408K, used 133866K [0x00000006c1a00000, 0x00000006d6380000, 0x000000076b380000)
  object space 337408K, 39% used [0x00000006c1a00000,0x00000006c9cba8a8,0x00000006d6380000)
 Metaspace       used 27989K, capacity 28474K, committed 28588K, reserved 1075200K
  class space    used 3336K, capacity 3472K, committed 3500K, reserved 1048576K
}
Event: 190.150 GC heap before
{Heap before GC invocations=10 (full 3):
 PSYoungGen      total 335872K, used 95775K [0x000000076b380000, 0x0000000795280000, 0x00000007c0000000)
  eden space 222208K, 0% used [0x000000076b380000,0x000000076b380000,0x0000000778c80000)
  from space 113664K, 84% used [0x0000000778c80000,0x000000077ea07f18,0x000000077fb80000)
  to   space 132608K, 0% used [0x000000078d100000,0x000000078d100000,0x0000000795280000)
 ParOldGen       total 337408K, used 133866K [0x00000006c1a00000, 0x00000006d6380000, 0x000000076b380000)
  object space 337408K, 39% used [0x00000006c1a00000,0x00000006c9cba8a8,0x00000006d6380000)
 Metaspace       used 27989K, capacity 28474K, committed 28588K, reserved 1075200K
  class space    used 3336K, capacity 3472K, committed 3500K, reserved 1048576K
Event: 190.230 GC heap after
Heap after GC invocations=10 (full 3):
 PSYoungGen      total 335872K, used 0K [0x000000076b380000, 0x0000000795280000, 0x00000007c0000000)
  eden space 222208K, 0% used [0x000000076b380000,0x000000076b380000,0x0000000778c80000)
  from space 113664K, 0% used [0x0000000778c80000,0x0000000778c80000,0x000000077fb80000)
  to   space 132608K, 0% used [0x000000078d100000,0x000000078d100000,0x0000000795280000)
 ParOldGen       total 353792K, used 138402K [0x00000006c1a00000, 0x00000006d7380000, 0x000000076b380000)
  object space 353792K, 39% used [0x00000006c1a00000,0x00000006ca128850,0x00000006d7380000)
 Metaspace       used 27989K, capacity 28474K, committed 28588K, reserved 1075200K
  class space    used 3336K, capacity 3472K, committed 3500K, reserved 1048576K
}
Event: 191.615 GC heap before
{Heap before GC invocations=11 (full 3):
 PSYoungGen      total 335872K, used 222127K [0x000000076b380000, 0x0000000795280000, 0x00000007c0000000)
  eden space 222208K, 99% used [0x000000076b380000,0x0000000778c6bd20,0x0000000778c80000)
  from space 113664K, 0% used [0x0000000778c80000,0x0000000778c80000,0x000000077fb80000)
  to   space 132608K, 0% used [0x000000078d100000,0x000000078d100000,0x0000000795280000)
 ParOldGen       total 353792K, used 138402K [0x00000006c1a00000, 0x00000006d7380000, 0x000000076b380000)
  object space 353792K, 39% used [0x00000006c1a00000,0x00000006ca128850,0x00000006d7380000)
 Metaspace       used 31817K, capacity 32570K, committed 32684K, reserved 1077248K
  class space    used 3987K, capacity 4170K, committed 4268K, reserved 1048576K
Event: 191.622 GC heap after
Heap after GC invocations=11 (full 3):
 PSYoungGen      total 554496K, used 2068K [0x000000076b380000, 0x0000000795080000, 0x00000007c0000000)
  eden space 423936K, 0% used [0x000000076b380000,0x000000076b380000,0x0000000785180000)
  from space 130560K, 1% used [0x000000078d100000,0x000000078d305128,0x0000000795080000)
  to   space 130560K, 0% used [0x0000000785180000,0x0000000785180000,0x000000078d100000)
 ParOldGen       total 353792K, used 138410K [0x00000006c1a00000, 0x00000006d7380000, 0x000000076b380000)
  object space 353792K, 39% used [0x00000006c1a00000,0x00000006ca12a850,0x00000006d7380000)
 Metaspace       used 31817K, capacity 32570K, committed 32684K, reserved 1077248K
  class space    used 3987K, capacity 4170K, committed 4268K, reserved 1048576K
}
Event: 318.479 GC heap before
{Heap before GC invocations=12 (full 4):
 PSYoungGen      total 554496K, used 418816K [0x000000076b380000, 0x0000000795080000, 0x00000007c0000000)
  eden space 423936K, 98% used [0x000000076b380000,0x0000000784a7afb0,0x0000000785180000)
  from space 130560K, 1% used [0x000000078d100000,0x000000078d305128,0x0000000795080000)
  to   space 130560K, 0% used [0x0000000785180000,0x0000000785180000,0x000000078d100000)
 ParOldGen       total 353792K, used 221171K [0x00000006c1a00000, 0x00000006d7380000, 0x000000076b380000)
  object space 353792K, 62% used [0x00000006c1a00000,0x00000006cf1fcd20,0x00000006d7380000)
 Metaspace       used 32993K, capacity 33834K, committed 34092K, reserved 1079296K
  class space    used 4124K, capacity 4308K, committed 4396K, reserved 1048576K
Event: 318.558 GC heap after
Heap after GC invocations=12 (full 4):
 PSYoungGen      total 554496K, used 0K [0x000000076b380000, 0x0000000795080000, 0x00000007c0000000)
  eden space 423936K, 0% used [0x000000076b380000,0x000000076b380000,0x0000000785180000)
  from space 130560K, 0% used [0x000000078d100000,0x000000078d100000,0x0000000795080000)
  to   space 130560K, 0% used [0x0000000785180000,0x0000000785180000,0x000000078d100000)
 ParOldGen       total 431616K, used 215420K [0x00000006c1a00000, 0x00000006dbf80000, 0x000000076b380000)
  object space 431616K, 49% used [0x00000006c1a00000,0x00000006cec5f070,0x00000006dbf80000)
 Metaspace       used 32993K, capacity 33834K, committed 34092K, reserved 1079296K
  class space    used 4124K, capacity 4308K, committed 4396K, reserved 1048576K
}

